Debug|Opening watch face 'C:\Users\annab\Downloads\Running Pikachu\RunningPikachu.bin'
Debug|Reading parameters...
Trace|Reading header...
Trace|Header was read:
Trace|Signature: UIHH, Unknown: 16777215, ParametersSize: 60, IsValid: True
Trace|Reading parameter offsets...
Trace|Parameter offsets were read from file
Trace|Reading parameters descriptor...
Trace|1 (0A): 5 bytes
Trace|    1 (08): 327 (147)
Trace|    2 (10): 106 (6A)
Trace|Parameters descriptor was read:
Trace|ParametrsTableLength: 327, ImagesCount: 106
Trace|Reading parameters locations...
Trace|2 (12): 4 bytes
Trace|    1 (08): 0 (00)
Trace|    2 (10): 8 (08)
Trace|3 (1A): 4 bytes
Trace|    1 (08): 8 (08)
Trace|    2 (10): 46 (2E)
Trace|4 (22): 4 bytes
Trace|    1 (08): 54 (36)
Trace|    2 (10): 102 (66)
Trace|5 (2A): 5 bytes
Trace|    1 (08): 156 (9C)
Trace|    2 (10): 58 (3A)
Trace|6 (32): 5 bytes
Trace|    1 (08): 214 (D6)
Trace|    2 (10): 43 (2B)
Trace|8 (42): 5 bytes
Trace|    1 (08): 257 (101)
Trace|    2 (10): 30 (1E)
Trace|9 (4A): 5 bytes
Trace|    1 (08): 287 (11F)
Trace|    2 (10): 22 (16)
Trace|11 (5A): 5 bytes
Trace|    1 (08): 309 (135)
Trace|    2 (10): 18 (12)
Trace|Watch face parameters locations were read:
Trace|Reading descriptor for parameter 2
Trace|Descriptor offset: 0, Descriptor length: 8
Trace|Parsing descriptor for parameter 2...
Trace|1 (0A): 6 bytes
Trace|    1 (08): 0 (00)
Trace|    2 (10): 0 (00)
Trace|    3 (18): 0 (00)
Trace|Reading descriptor for parameter 3
Trace|Descriptor offset: 8, Descriptor length: 46
Trace|Parsing descriptor for parameter 3...
Trace|1 (0A): 20 bytes
Trace|    1 (0A): 8 bytes
Trace|        1 (08): 2 (02)
Trace|        2 (10): 25 (19)
Trace|        3 (18): 1 (01)
Trace|        4 (20): 10 (0A)
Trace|    2 (12): 8 bytes
Trace|        1 (08): 29 (1D)
Trace|        2 (10): 25 (19)
Trace|        3 (18): 1 (01)
Trace|        4 (20): 10 (0A)
Trace|2 (12): 20 bytes
Trace|    1 (0A): 8 bytes
Trace|        1 (08): 70 (46)
Trace|        2 (10): 25 (19)
Trace|        3 (18): 1 (01)
Trace|        4 (20): 10 (0A)
Trace|    2 (12): 8 bytes
Trace|        1 (08): 97 (61)
Trace|        2 (10): 25 (19)
Trace|        3 (18): 1 (01)
Trace|        4 (20): 10 (0A)
Trace|11 (58): 0 (00)
Trace|Reading descriptor for parameter 4
Trace|Descriptor offset: 54, Descriptor length: 102
Trace|Parsing descriptor for parameter 4...
Trace|1 (0A): 21 bytes
Trace|    1 (0A): 19 bytes
Trace|        1 (08): 18 (12)
Trace|        2 (10): 250 (FA)
Trace|        3 (18): 0 (00)
Trace|        4 (20): 0 (00)
Trace|        5 (28): 34 (22)
Trace|        6 (30): 1 (01)
Trace|        7 (38): 0 (00)
Trace|        8 (40): 31 (1F)
Trace|        9 (48): 10 (0A)
Trace|3 (1A): 23 bytes
Trace|    1 (0A): 19 bytes
Trace|        1 (08): 18 (12)
Trace|        2 (10): 265 (109)
Trace|        3 (18): 0 (00)
Trace|        4 (20): 0 (00)
Trace|        5 (28): 36 (24)
Trace|        6 (30): 1 (01)
Trace|        7 (38): 0 (00)
Trace|        8 (40): 46 (2E)
Trace|        9 (48): 10 (0A)
Trace|    2 (10): 44 (2C)
Trace|4 (22): 23 bytes
Trace|    1 (0A): 19 bytes
Trace|        1 (08): 18 (12)
Trace|        2 (10): 282 (11A)
Trace|        3 (18): 0 (00)
Trace|        4 (20): 0 (00)
Trace|        5 (28): 36 (24)
Trace|        6 (30): 1 (01)
Trace|        7 (38): 0 (00)
Trace|        8 (40): 21 (15)
Trace|        9 (48): 10 (0A)
Trace|    3 (18): 99 (63)
Trace|5 (2A): 25 bytes
Trace|    1 (0A): 19 bytes
Trace|        1 (08): 18 (12)
Trace|        2 (10): 233 (E9)
Trace|        3 (18): 0 (00)
Trace|        4 (20): 0 (00)
Trace|        5 (28): 34 (22)
Trace|        6 (30): 1 (01)
Trace|        7 (38): 0 (00)
Trace|        8 (40): 11 (0B)
Trace|        9 (48): 10 (0A)
Trace|    2 (10): 44 (2C)
Trace|    3 (18): 45 (2D)
Trace|7 (38): 0 (00)
Trace|Reading descriptor for parameter 5
Trace|Descriptor offset: 156, Descriptor length: 58
Trace|Parsing descriptor for parameter 5...
Trace|1 (0A): 46 bytes
Trace|    1 (0A): 40 bytes
Trace|        1 (0A): 18 bytes
Trace|            1 (08): 91 (5B)
Trace|            2 (10): 67 (43)
Trace|            3 (18): 0 (00)
Trace|            4 (20): 0 (00)
Trace|            5 (28): 18 (12)
Trace|            6 (30): 1 (01)
Trace|            7 (38): 0 (00)
Trace|            8 (40): 31 (1F)
Trace|            9 (48): 10 (0A)
Trace|        4 (22): 18 bytes
Trace|            1 (08): 68 (44)
Trace|            2 (10): 67 (43)
Trace|            3 (18): 0 (00)
Trace|            4 (20): 0 (00)
Trace|            5 (28): 20 (14)
Trace|            6 (30): 1 (01)
Trace|            7 (38): 0 (00)
Trace|            8 (40): 31 (1F)
Trace|            9 (48): 10 (0A)
Trace|    4 (20): 1 (01)
Trace|    5 (28): 1 (01)
Trace|4 (22): 8 bytes
Trace|    1 (08): 23 (17)
Trace|    2 (10): 67 (43)
Trace|    3 (18): 66 (42)
Trace|    4 (20): 7 (07)
Trace|Reading descriptor for parameter 6
Trace|Descriptor offset: 214, Descriptor length: 43
Trace|Parsing descriptor for parameter 6...
Trace|1 (0A): 11 bytes
Trace|    2 (12): 9 bytes
Trace|        1 (08): 78 (4E)
Trace|        2 (10): 227 (E3)
Trace|        3 (18): 73 (49)
Trace|        4 (20): 26 (1A)
Trace|2 (12): 28 bytes
Trace|    1 (0A): 26 bytes
Trace|        1 (0A): 20 bytes
Trace|            1 (08): 85 (55)
Trace|            2 (10): 268 (10C)
Trace|            3 (18): 112 (70)
Trace|            4 (20): 281 (119)
Trace|            5 (28): 72 (48)
Trace|            6 (30): 1 (01)
Trace|            7 (38): 0 (00)
Trace|            8 (40): 56 (38)
Trace|            9 (48): 10 (0A)
Trace|        2 (10): 104 (68)
Trace|        3 (18): 105 (69)
Trace|Reading descriptor for parameter 8
Trace|Descriptor offset: 257, Descriptor length: 30
Trace|Parsing descriptor for parameter 8...
Trace|1 (0A): 8 bytes
Trace|    1 (0A): 4 bytes
Trace|        1 (08): 30 (1E)
Trace|        2 (10): 0 (00)
Trace|    2 (10): 41 (29)
Trace|2 (12): 8 bytes
Trace|    1 (0A): 4 bytes
Trace|        1 (08): 0 (00)
Trace|        2 (10): 0 (00)
Trace|    2 (10): 42 (2A)
Trace|3 (1A): 8 bytes
Trace|    1 (0A): 4 bytes
Trace|        1 (08): 60 (3C)
Trace|        2 (10): 0 (00)
Trace|    2 (10): 43 (2B)
Trace|Reading descriptor for parameter 9
Trace|Descriptor offset: 287, Descriptor length: 22
Trace|Parsing descriptor for parameter 9...
Trace|1 (0A): 20 bytes
Trace|    1 (0A): 18 bytes
Trace|        1 (08): 86 (56)
Trace|        2 (10): 1 (01)
Trace|        3 (18): 111 (6F)
Trace|        4 (20): 11 (0B)
Trace|        5 (28): 20 (14)
Trace|        6 (30): 1 (01)
Trace|        7 (38): 0 (00)
Trace|        8 (40): 56 (38)
Trace|        9 (48): 10 (0A)
Trace|Reading descriptor for parameter 11
Trace|Descriptor offset: 309, Descriptor length: 18
Trace|Parsing descriptor for parameter 11...
Trace|1 (0A): 16 bytes
Trace|    1 (0A): 8 bytes
Trace|        1 (08): 0 (00)
Trace|        2 (10): 100 (64)
Trace|        3 (18): 100 (64)
Trace|        4 (20): 4 (04)
Trace|    2 (10): 80 (50)
Trace|    3 (18): 99 (63)
Trace|    4 (20): 0 (00)
Trace|Reading resources offsets table with 106 elements (424 bytes)
Debug|Reading 106 resources...
Trace|Resource 0 offset: 898, length: 111148...
Debug|Reading resource 0...
Trace|Color bit encoding: 27
Trace|Reading image header...
Trace|Image header was read:
Trace|Width: 126, Height: 294, RowLength: 378
Trace|BPP: 24, PaletteColors: 0, Transaparency: False
Trace|The image doesn't use a palette.
Trace|Resource 1 offset: 112046, length: 1516...
Debug|Reading resource 1...
Trace|Color bit encoding: 8
Trace|Reading image header...
Trace|Image header was read:
Trace|Width: 25, Height: 30, RowLength: 50
Trace|BPP: 16, PaletteColors: 0, Transaparency: False
Trace|The image doesn't use a palette.
Trace|Resource 2 offset: 113562, length: 1516...
Debug|Reading resource 2...
Trace|Color bit encoding: 8
Trace|Reading image header...
Trace|Image header was read:
Trace|Width: 25, Height: 30, RowLength: 50
Trace|BPP: 16, PaletteColors: 0, Transaparency: False
Trace|The image doesn't use a palette.
Trace|Resource 3 offset: 115078, length: 1516...
Debug|Reading resource 3...
Trace|Color bit encoding: 8
Trace|Reading image header...
Trace|Image header was read:
Trace|Width: 25, Height: 30, RowLength: 50
Trace|BPP: 16, PaletteColors: 0, Transaparency: False
Trace|The image doesn't use a palette.
Trace|Resource 4 offset: 116594, length: 1516...
Debug|Reading resource 4...
Trace|Color bit encoding: 8
Trace|Reading image header...
Trace|Image header was read:
Trace|Width: 25, Height: 30, RowLength: 50
Trace|BPP: 16, PaletteColors: 0, Transaparency: False
Trace|The image doesn't use a palette.
Trace|Resource 5 offset: 118110, length: 1516...
Debug|Reading resource 5...
Trace|Color bit encoding: 8
Trace|Reading image header...
Trace|Image header was read:
Trace|Width: 25, Height: 30, RowLength: 50
Trace|BPP: 16, PaletteColors: 0, Transaparency: False
Trace|The image doesn't use a palette.
Trace|Resource 6 offset: 119626, length: 1516...
Debug|Reading resource 6...
Trace|Color bit encoding: 8
Trace|Reading image header...
Trace|Image header was read:
Trace|Width: 25, Height: 30, RowLength: 50
Trace|BPP: 16, PaletteColors: 0, Transaparency: False
Trace|The image doesn't use a palette.
Trace|Resource 7 offset: 121142, length: 1516...
Debug|Reading resource 7...
Trace|Color bit encoding: 8
Trace|Reading image header...
Trace|Image header was read:
Trace|Width: 25, Height: 30, RowLength: 50
Trace|BPP: 16, PaletteColors: 0, Transaparency: False
Trace|The image doesn't use a palette.
Trace|Resource 8 offset: 122658, length: 1516...
Debug|Reading resource 8...
Trace|Color bit encoding: 8
Trace|Reading image header...
Trace|Image header was read:
Trace|Width: 25, Height: 30, RowLength: 50
Trace|BPP: 16, PaletteColors: 0, Transaparency: False
Trace|The image doesn't use a palette.
Trace|Resource 9 offset: 124174, length: 1516...
Debug|Reading resource 9...
Trace|Color bit encoding: 8
Trace|Reading image header...
Trace|Image header was read:
Trace|Width: 25, Height: 30, RowLength: 50
Trace|BPP: 16, PaletteColors: 0, Transaparency: False
Trace|The image doesn't use a palette.
Trace|Resource 10 offset: 125690, length: 1516...
Debug|Reading resource 10...
Trace|Color bit encoding: 8
Trace|Reading image header...
Trace|Image header was read:
Trace|Width: 25, Height: 30, RowLength: 50
Trace|BPP: 16, PaletteColors: 0, Transaparency: False
Trace|The image doesn't use a palette.
Trace|Resource 11 offset: 127206, length: 340...
Debug|Reading resource 11...
Trace|Color bit encoding: 27
Trace|Reading image header...
Trace|Image header was read:
Trace|Width: 9, Height: 12, RowLength: 27
Trace|BPP: 24, PaletteColors: 0, Transaparency: False
Trace|The image doesn't use a palette.
Trace|Resource 12 offset: 127546, length: 340...
Debug|Reading resource 12...
Trace|Color bit encoding: 27
Trace|Reading image header...
Trace|Image header was read:
Trace|Width: 9, Height: 12, RowLength: 27
Trace|BPP: 24, PaletteColors: 0, Transaparency: False
Trace|The image doesn't use a palette.
Trace|Resource 13 offset: 127886, length: 340...
Debug|Reading resource 13...
Trace|Color bit encoding: 27
Trace|Reading image header...
Trace|Image header was read:
Trace|Width: 9, Height: 12, RowLength: 27
Trace|BPP: 24, PaletteColors: 0, Transaparency: False
Trace|The image doesn't use a palette.
Trace|Resource 14 offset: 128226, length: 340...
Debug|Reading resource 14...
Trace|Color bit encoding: 27
Trace|Reading image header...
Trace|Image header was read:
Trace|Width: 9, Height: 12, RowLength: 27
Trace|BPP: 24, PaletteColors: 0, Transaparency: False
Trace|The image doesn't use a palette.
Trace|Resource 15 offset: 128566, length: 340...
Debug|Reading resource 15...
Trace|Color bit encoding: 27
Trace|Reading image header...
Trace|Image header was read:
Trace|Width: 9, Height: 12, RowLength: 27
Trace|BPP: 24, PaletteColors: 0, Transaparency: False
Trace|The image doesn't use a palette.
Trace|Resource 16 offset: 128906, length: 340...
Debug|Reading resource 16...
Trace|Color bit encoding: 27
Trace|Reading image header...
Trace|Image header was read:
Trace|Width: 9, Height: 12, RowLength: 27
Trace|BPP: 24, PaletteColors: 0, Transaparency: False
Trace|The image doesn't use a palette.
Trace|Resource 17 offset: 129246, length: 340...
Debug|Reading resource 17...
Trace|Color bit encoding: 27
Trace|Reading image header...
Trace|Image header was read:
Trace|Width: 9, Height: 12, RowLength: 27
Trace|BPP: 24, PaletteColors: 0, Transaparency: False
Trace|The image doesn't use a palette.
Trace|Resource 18 offset: 129586, length: 340...
Debug|Reading resource 18...
Trace|Color bit encoding: 27
Trace|Reading image header...
Trace|Image header was read:
Trace|Width: 9, Height: 12, RowLength: 27
Trace|BPP: 24, PaletteColors: 0, Transaparency: False
Trace|The image doesn't use a palette.
Trace|Resource 19 offset: 129926, length: 340...
Debug|Reading resource 19...
Trace|Color bit encoding: 27
Trace|Reading image header...
Trace|Image header was read:
Trace|Width: 9, Height: 12, RowLength: 27
Trace|BPP: 24, PaletteColors: 0, Transaparency: False
Trace|The image doesn't use a palette.
Trace|Resource 20 offset: 130266, length: 340...
Debug|Reading resource 20...
Trace|Color bit encoding: 27
Trace|Reading image header...
Trace|Image header was read:
Trace|Width: 9, Height: 12, RowLength: 27
Trace|BPP: 24, PaletteColors: 0, Transaparency: False
Trace|The image doesn't use a palette.
Trace|Resource 21 offset: 130606, length: 340...
Debug|Reading resource 21...
Trace|Color bit encoding: 27
Trace|Reading image header...
Trace|Image header was read:
Trace|Width: 9, Height: 12, RowLength: 27
Trace|BPP: 24, PaletteColors: 0, Transaparency: False
Trace|The image doesn't use a palette.
Trace|Resource 22 offset: 130946, length: 340...
Debug|Reading resource 22...
Trace|Color bit encoding: 27
Trace|Reading image header...
Trace|Image header was read:
Trace|Width: 9, Height: 12, RowLength: 27
Trace|BPP: 24, PaletteColors: 0, Transaparency: False
Trace|The image doesn't use a palette.
Trace|Resource 23 offset: 131286, length: 340...
Debug|Reading resource 23...
Trace|Color bit encoding: 27
Trace|Reading image header...
Trace|Image header was read:
Trace|Width: 9, Height: 12, RowLength: 27
Trace|BPP: 24, PaletteColors: 0, Transaparency: False
Trace|The image doesn't use a palette.
Trace|Resource 24 offset: 131626, length: 340...
Debug|Reading resource 24...
Trace|Color bit encoding: 27
Trace|Reading image header...
Trace|Image header was read:
Trace|Width: 9, Height: 12, RowLength: 27
Trace|BPP: 24, PaletteColors: 0, Transaparency: False
Trace|The image doesn't use a palette.
Trace|Resource 25 offset: 131966, length: 340...
Debug|Reading resource 25...
Trace|Color bit encoding: 27
Trace|Reading image header...
Trace|Image header was read:
Trace|Width: 9, Height: 12, RowLength: 27
Trace|BPP: 24, PaletteColors: 0, Transaparency: False
Trace|The image doesn't use a palette.
Trace|Resource 26 offset: 132306, length: 340...
Debug|Reading resource 26...
Trace|Color bit encoding: 27
Trace|Reading image header...
Trace|Image header was read:
Trace|Width: 9, Height: 12, RowLength: 27
Trace|BPP: 24, PaletteColors: 0, Transaparency: False
Trace|The image doesn't use a palette.
Trace|Resource 27 offset: 132646, length: 340...
Debug|Reading resource 27...
Trace|Color bit encoding: 27
Trace|Reading image header...
Trace|Image header was read:
Trace|Width: 9, Height: 12, RowLength: 27
Trace|BPP: 24, PaletteColors: 0, Transaparency: False
Trace|The image doesn't use a palette.
Trace|Resource 28 offset: 132986, length: 340...
Debug|Reading resource 28...
Trace|Color bit encoding: 27
Trace|Reading image header...
Trace|Image header was read:
Trace|Width: 9, Height: 12, RowLength: 27
Trace|BPP: 24, PaletteColors: 0, Transaparency: False
Trace|The image doesn't use a palette.
Trace|Resource 29 offset: 133326, length: 340...
Debug|Reading resource 29...
Trace|Color bit encoding: 27
Trace|Reading image header...
Trace|Image header was read:
Trace|Width: 9, Height: 12, RowLength: 27
Trace|BPP: 24, PaletteColors: 0, Transaparency: False
Trace|The image doesn't use a palette.
Trace|Resource 30 offset: 133666, length: 340...
Debug|Reading resource 30...
Trace|Color bit encoding: 27
Trace|Reading image header...
Trace|Image header was read:
Trace|Width: 9, Height: 12, RowLength: 27
Trace|BPP: 24, PaletteColors: 0, Transaparency: False
Trace|The image doesn't use a palette.
Trace|Resource 31 offset: 134006, length: 340...
Debug|Reading resource 31...
Trace|Color bit encoding: 27
Trace|Reading image header...
Trace|Image header was read:
Trace|Width: 9, Height: 12, RowLength: 27
Trace|BPP: 24, PaletteColors: 0, Transaparency: False
Trace|The image doesn't use a palette.
Trace|Resource 32 offset: 134346, length: 340...
Debug|Reading resource 32...
Trace|Color bit encoding: 27
Trace|Reading image header...
Trace|Image header was read:
Trace|Width: 9, Height: 12, RowLength: 27
Trace|BPP: 24, PaletteColors: 0, Transaparency: False
Trace|The image doesn't use a palette.
Trace|Resource 33 offset: 134686, length: 340...
Debug|Reading resource 33...
Trace|Color bit encoding: 27
Trace|Reading image header...
Trace|Image header was read:
Trace|Width: 9, Height: 12, RowLength: 27
Trace|BPP: 24, PaletteColors: 0, Transaparency: False
Trace|The image doesn't use a palette.
Trace|Resource 34 offset: 135026, length: 340...
Debug|Reading resource 34...
Trace|Color bit encoding: 27
Trace|Reading image header...
Trace|Image header was read:
Trace|Width: 9, Height: 12, RowLength: 27
Trace|BPP: 24, PaletteColors: 0, Transaparency: False
Trace|The image doesn't use a palette.
Trace|Resource 35 offset: 135366, length: 340...
Debug|Reading resource 35...
Trace|Color bit encoding: 27
Trace|Reading image header...
Trace|Image header was read:
Trace|Width: 9, Height: 12, RowLength: 27
Trace|BPP: 24, PaletteColors: 0, Transaparency: False
Trace|The image doesn't use a palette.
Trace|Resource 36 offset: 135706, length: 340...
Debug|Reading resource 36...
Trace|Color bit encoding: 27
Trace|Reading image header...
Trace|Image header was read:
Trace|Width: 9, Height: 12, RowLength: 27
Trace|BPP: 24, PaletteColors: 0, Transaparency: False
Trace|The image doesn't use a palette.
Trace|Resource 37 offset: 136046, length: 340...
Debug|Reading resource 37...
Trace|Color bit encoding: 27
Trace|Reading image header...
Trace|Image header was read:
Trace|Width: 9, Height: 12, RowLength: 27
Trace|BPP: 24, PaletteColors: 0, Transaparency: False
Trace|The image doesn't use a palette.
Trace|Resource 38 offset: 136386, length: 340...
Debug|Reading resource 38...
Trace|Color bit encoding: 27
Trace|Reading image header...
Trace|Image header was read:
Trace|Width: 9, Height: 12, RowLength: 27
Trace|BPP: 24, PaletteColors: 0, Transaparency: False
Trace|The image doesn't use a palette.
Trace|Resource 39 offset: 136726, length: 340...
Debug|Reading resource 39...
Trace|Color bit encoding: 27
Trace|Reading image header...
Trace|Image header was read:
Trace|Width: 9, Height: 12, RowLength: 27
Trace|BPP: 24, PaletteColors: 0, Transaparency: False
Trace|The image doesn't use a palette.
Trace|Resource 40 offset: 137066, length: 340...
Debug|Reading resource 40...
Trace|Color bit encoding: 27
Trace|Reading image header...
Trace|Image header was read:
Trace|Width: 9, Height: 12, RowLength: 27
Trace|BPP: 24, PaletteColors: 0, Transaparency: False
Trace|The image doesn't use a palette.
Trace|Resource 41 offset: 137406, length: 448...
Debug|Reading resource 41...
Trace|Color bit encoding: 27
Trace|Reading image header...
Trace|Image header was read:
Trace|Width: 12, Height: 12, RowLength: 36
Trace|BPP: 24, PaletteColors: 0, Transaparency: False
Trace|The image doesn't use a palette.
Trace|Resource 42 offset: 137854, length: 340...
Debug|Reading resource 42...
Trace|Color bit encoding: 27
Trace|Reading image header...
Trace|Image header was read:
Trace|Width: 9, Height: 12, RowLength: 27
Trace|BPP: 24, PaletteColors: 0, Transaparency: False
Trace|The image doesn't use a palette.
Trace|Resource 43 offset: 138194, length: 448...
Debug|Reading resource 43...
Trace|Color bit encoding: 27
Trace|Reading image header...
Trace|Image header was read:
Trace|Width: 12, Height: 12, RowLength: 36
Trace|BPP: 24, PaletteColors: 0, Transaparency: False
Trace|The image doesn't use a palette.
Trace|Resource 44 offset: 138642, length: 19...
Debug|Reading resource 44...
Trace|Color bit encoding: 27
Trace|Reading image header...
Trace|Image header was read:
Trace|Width: 1, Height: 1, RowLength: 3
Trace|BPP: 24, PaletteColors: 0, Transaparency: False
Trace|The image doesn't use a palette.
Trace|Resource 45 offset: 138661, length: 208...
Debug|Reading resource 45...
Trace|Color bit encoding: 27
Trace|Reading image header...
Trace|Image header was read:
Trace|Width: 4, Height: 16, RowLength: 12
Trace|BPP: 24, PaletteColors: 0, Transaparency: False
Trace|The image doesn't use a palette.
Trace|Resource 46 offset: 138869, length: 340...
Debug|Reading resource 46...
Trace|Color bit encoding: 27
Trace|Reading image header...
Trace|Image header was read:
Trace|Width: 9, Height: 12, RowLength: 27
Trace|BPP: 24, PaletteColors: 0, Transaparency: False
Trace|The image doesn't use a palette.
Trace|Resource 47 offset: 139209, length: 340...
Debug|Reading resource 47...
Trace|Color bit encoding: 27
Trace|Reading image header...
Trace|Image header was read:
Trace|Width: 9, Height: 12, RowLength: 27
Trace|BPP: 24, PaletteColors: 0, Transaparency: False
Trace|The image doesn't use a palette.
Trace|Resource 48 offset: 139549, length: 340...
Debug|Reading resource 48...
Trace|Color bit encoding: 27
Trace|Reading image header...
Trace|Image header was read:
Trace|Width: 9, Height: 12, RowLength: 27
Trace|BPP: 24, PaletteColors: 0, Transaparency: False
Trace|The image doesn't use a palette.
Trace|Resource 49 offset: 139889, length: 340...
Debug|Reading resource 49...
Trace|Color bit encoding: 27
Trace|Reading image header...
Trace|Image header was read:
Trace|Width: 9, Height: 12, RowLength: 27
Trace|BPP: 24, PaletteColors: 0, Transaparency: False
Trace|The image doesn't use a palette.
Trace|Resource 50 offset: 140229, length: 340...
Debug|Reading resource 50...
Trace|Color bit encoding: 27
Trace|Reading image header...
Trace|Image header was read:
Trace|Width: 9, Height: 12, RowLength: 27
Trace|BPP: 24, PaletteColors: 0, Transaparency: False
Trace|The image doesn't use a palette.
Trace|Resource 51 offset: 140569, length: 340...
Debug|Reading resource 51...
Trace|Color bit encoding: 27
Trace|Reading image header...
Trace|Image header was read:
Trace|Width: 9, Height: 12, RowLength: 27
Trace|BPP: 24, PaletteColors: 0, Transaparency: False
Trace|The image doesn't use a palette.
Trace|Resource 52 offset: 140909, length: 340...
Debug|Reading resource 52...
Trace|Color bit encoding: 27
Trace|Reading image header...
Trace|Image header was read:
Trace|Width: 9, Height: 12, RowLength: 27
Trace|BPP: 24, PaletteColors: 0, Transaparency: False
Trace|The image doesn't use a palette.
Trace|Resource 53 offset: 141249, length: 340...
Debug|Reading resource 53...
Trace|Color bit encoding: 27
Trace|Reading image header...
Trace|Image header was read:
Trace|Width: 9, Height: 12, RowLength: 27
Trace|BPP: 24, PaletteColors: 0, Transaparency: False
Trace|The image doesn't use a palette.
Trace|Resource 54 offset: 141589, length: 340...
Debug|Reading resource 54...
Trace|Color bit encoding: 27
Trace|Reading image header...
Trace|Image header was read:
Trace|Width: 9, Height: 12, RowLength: 27
Trace|BPP: 24, PaletteColors: 0, Transaparency: False
Trace|The image doesn't use a palette.
Trace|Resource 55 offset: 141929, length: 340...
Debug|Reading resource 55...
Trace|Color bit encoding: 27
Trace|Reading image header...
Trace|Image header was read:
Trace|Width: 9, Height: 12, RowLength: 27
Trace|BPP: 24, PaletteColors: 0, Transaparency: False
Trace|The image doesn't use a palette.
Trace|Resource 56 offset: 142269, length: 280...
Debug|Reading resource 56...
Trace|Color bit encoding: 27
Trace|Reading image header...
Trace|Image header was read:
Trace|Width: 8, Height: 11, RowLength: 24
Trace|BPP: 24, PaletteColors: 0, Transaparency: False
Trace|The image doesn't use a palette.
Trace|Resource 57 offset: 142549, length: 280...
Debug|Reading resource 57...
Trace|Color bit encoding: 27
Trace|Reading image header...
Trace|Image header was read:
Trace|Width: 8, Height: 11, RowLength: 24
Trace|BPP: 24, PaletteColors: 0, Transaparency: False
Trace|The image doesn't use a palette.
Trace|Resource 58 offset: 142829, length: 280...
Debug|Reading resource 58...
Trace|Color bit encoding: 27
Trace|Reading image header...
Trace|Image header was read:
Trace|Width: 8, Height: 11, RowLength: 24
Trace|BPP: 24, PaletteColors: 0, Transaparency: False
Trace|The image doesn't use a palette.
Trace|Resource 59 offset: 143109, length: 280...
Debug|Reading resource 59...
Trace|Color bit encoding: 27
Trace|Reading image header...
Trace|Image header was read:
Trace|Width: 8, Height: 11, RowLength: 24
Trace|BPP: 24, PaletteColors: 0, Transaparency: False
Trace|The image doesn't use a palette.
Trace|Resource 60 offset: 143389, length: 280...
Debug|Reading resource 60...
Trace|Color bit encoding: 27
Trace|Reading image header...
Trace|Image header was read:
Trace|Width: 8, Height: 11, RowLength: 24
Trace|BPP: 24, PaletteColors: 0, Transaparency: False
Trace|The image doesn't use a palette.
Trace|Resource 61 offset: 143669, length: 280...
Debug|Reading resource 61...
Trace|Color bit encoding: 27
Trace|Reading image header...
Trace|Image header was read:
Trace|Width: 8, Height: 11, RowLength: 24
Trace|BPP: 24, PaletteColors: 0, Transaparency: False
Trace|The image doesn't use a palette.
Trace|Resource 62 offset: 143949, length: 280...
Debug|Reading resource 62...
Trace|Color bit encoding: 27
Trace|Reading image header...
Trace|Image header was read:
Trace|Width: 8, Height: 11, RowLength: 24
Trace|BPP: 24, PaletteColors: 0, Transaparency: False
Trace|The image doesn't use a palette.
Trace|Resource 63 offset: 144229, length: 280...
Debug|Reading resource 63...
Trace|Color bit encoding: 27
Trace|Reading image header...
Trace|Image header was read:
Trace|Width: 8, Height: 11, RowLength: 24
Trace|BPP: 24, PaletteColors: 0, Transaparency: False
Trace|The image doesn't use a palette.
Trace|Resource 64 offset: 144509, length: 280...
Debug|Reading resource 64...
Trace|Color bit encoding: 27
Trace|Reading image header...
Trace|Image header was read:
Trace|Width: 8, Height: 11, RowLength: 24
Trace|BPP: 24, PaletteColors: 0, Transaparency: False
Trace|The image doesn't use a palette.
Trace|Resource 65 offset: 144789, length: 280...
Debug|Reading resource 65...
Trace|Color bit encoding: 27
Trace|Reading image header...
Trace|Image header was read:
Trace|Width: 8, Height: 11, RowLength: 24
Trace|BPP: 24, PaletteColors: 0, Transaparency: False
Trace|The image doesn't use a palette.
Trace|Resource 66 offset: 145069, length: 1060...
Debug|Reading resource 66...
Trace|Color bit encoding: 27
Trace|Reading image header...
Trace|Image header was read:
Trace|Width: 29, Height: 12, RowLength: 87
Trace|BPP: 24, PaletteColors: 0, Transaparency: False
Trace|The image doesn't use a palette.
Trace|Resource 67 offset: 146129, length: 1060...
Debug|Reading resource 67...
Trace|Color bit encoding: 27
Trace|Reading image header...
Trace|Image header was read:
Trace|Width: 29, Height: 12, RowLength: 87
Trace|BPP: 24, PaletteColors: 0, Transaparency: False
Trace|The image doesn't use a palette.
Trace|Resource 68 offset: 147189, length: 1060...
Debug|Reading resource 68...
Trace|Color bit encoding: 27
Trace|Reading image header...
Trace|Image header was read:
Trace|Width: 29, Height: 12, RowLength: 87
Trace|BPP: 24, PaletteColors: 0, Transaparency: False
Trace|The image doesn't use a palette.
Trace|Resource 69 offset: 148249, length: 1060...
Debug|Reading resource 69...
Trace|Color bit encoding: 27
Trace|Reading image header...
Trace|Image header was read:
Trace|Width: 29, Height: 12, RowLength: 87
Trace|BPP: 24, PaletteColors: 0, Transaparency: False
Trace|The image doesn't use a palette.
Trace|Resource 70 offset: 149309, length: 1060...
Debug|Reading resource 70...
Trace|Color bit encoding: 27
Trace|Reading image header...
Trace|Image header was read:
Trace|Width: 29, Height: 12, RowLength: 87
Trace|BPP: 24, PaletteColors: 0, Transaparency: False
Trace|The image doesn't use a palette.
Trace|Resource 71 offset: 150369, length: 1060...
Debug|Reading resource 71...
Trace|Color bit encoding: 27
Trace|Reading image header...
Trace|Image header was read:
Trace|Width: 29, Height: 12, RowLength: 87
Trace|BPP: 24, PaletteColors: 0, Transaparency: False
Trace|The image doesn't use a palette.
Trace|Resource 72 offset: 151429, length: 1060...
Debug|Reading resource 72...
Trace|Color bit encoding: 27
Trace|Reading image header...
Trace|Image header was read:
Trace|Width: 29, Height: 12, RowLength: 87
Trace|BPP: 24, PaletteColors: 0, Transaparency: False
Trace|The image doesn't use a palette.
Trace|Resource 73 offset: 152489, length: 3904...
Debug|Reading resource 73...
Trace|Color bit encoding: 27
Trace|Reading image header...
Trace|Image header was read:
Trace|Width: 36, Height: 36, RowLength: 108
Trace|BPP: 24, PaletteColors: 0, Transaparency: False
Trace|The image doesn't use a palette.
Trace|Resource 74 offset: 156393, length: 3904...
Debug|Reading resource 74...
Trace|Color bit encoding: 27
Trace|Reading image header...
Trace|Image header was read:
Trace|Width: 36, Height: 36, RowLength: 108
Trace|BPP: 24, PaletteColors: 0, Transaparency: False
Trace|The image doesn't use a palette.
Trace|Resource 75 offset: 160297, length: 3904...
Debug|Reading resource 75...
Trace|Color bit encoding: 27
Trace|Reading image header...
Trace|Image header was read:
Trace|Width: 36, Height: 36, RowLength: 108
Trace|BPP: 24, PaletteColors: 0, Transaparency: False
Trace|The image doesn't use a palette.
Trace|Resource 76 offset: 164201, length: 3904...
Debug|Reading resource 76...
Trace|Color bit encoding: 27
Trace|Reading image header...
Trace|Image header was read:
Trace|Width: 36, Height: 36, RowLength: 108
Trace|BPP: 24, PaletteColors: 0, Transaparency: False
Trace|The image doesn't use a palette.
Trace|Resource 77 offset: 168105, length: 3904...
Debug|Reading resource 77...
Trace|Color bit encoding: 27
Trace|Reading image header...
Trace|Image header was read:
Trace|Width: 36, Height: 36, RowLength: 108
Trace|BPP: 24, PaletteColors: 0, Transaparency: False
Trace|The image doesn't use a palette.
Trace|Resource 78 offset: 172009, length: 3904...
Debug|Reading resource 78...
Trace|Color bit encoding: 27
Trace|Reading image header...
Trace|Image header was read:
Trace|Width: 36, Height: 36, RowLength: 108
Trace|BPP: 24, PaletteColors: 0, Transaparency: False
Trace|The image doesn't use a palette.
Trace|Resource 79 offset: 175913, length: 3904...
Debug|Reading resource 79...
Trace|Color bit encoding: 27
Trace|Reading image header...
Trace|Image header was read:
Trace|Width: 36, Height: 36, RowLength: 108
Trace|BPP: 24, PaletteColors: 0, Transaparency: False
Trace|The image doesn't use a palette.
Trace|Resource 80 offset: 179817, length: 3904...
Debug|Reading resource 80...
Trace|Color bit encoding: 27
Trace|Reading image header...
Trace|Image header was read:
Trace|Width: 36, Height: 36, RowLength: 108
Trace|BPP: 24, PaletteColors: 0, Transaparency: False
Trace|The image doesn't use a palette.
Trace|Resource 81 offset: 183721, length: 3904...
Debug|Reading resource 81...
Trace|Color bit encoding: 27
Trace|Reading image header...
Trace|Image header was read:
Trace|Width: 36, Height: 36, RowLength: 108
Trace|BPP: 24, PaletteColors: 0, Transaparency: False
Trace|The image doesn't use a palette.
Trace|Resource 82 offset: 187625, length: 3904...
Debug|Reading resource 82...
Trace|Color bit encoding: 27
Trace|Reading image header...
Trace|Image header was read:
Trace|Width: 36, Height: 36, RowLength: 108
Trace|BPP: 24, PaletteColors: 0, Transaparency: False
Trace|The image doesn't use a palette.
Trace|Resource 83 offset: 191529, length: 3904...
Debug|Reading resource 83...
Trace|Color bit encoding: 27
Trace|Reading image header...
Trace|Image header was read:
Trace|Width: 36, Height: 36, RowLength: 108
Trace|BPP: 24, PaletteColors: 0, Transaparency: False
Trace|The image doesn't use a palette.
Trace|Resource 84 offset: 195433, length: 3904...
Debug|Reading resource 84...
Trace|Color bit encoding: 27
Trace|Reading image header...
Trace|Image header was read:
Trace|Width: 36, Height: 36, RowLength: 108
Trace|BPP: 24, PaletteColors: 0, Transaparency: False
Trace|The image doesn't use a palette.
Trace|Resource 85 offset: 199337, length: 3904...
Debug|Reading resource 85...
Trace|Color bit encoding: 27
Trace|Reading image header...
Trace|Image header was read:
Trace|Width: 36, Height: 36, RowLength: 108
Trace|BPP: 24, PaletteColors: 0, Transaparency: False
Trace|The image doesn't use a palette.
Trace|Resource 86 offset: 203241, length: 3904...
Debug|Reading resource 86...
Trace|Color bit encoding: 27
Trace|Reading image header...
Trace|Image header was read:
Trace|Width: 36, Height: 36, RowLength: 108
Trace|BPP: 24, PaletteColors: 0, Transaparency: False
Trace|The image doesn't use a palette.
Trace|Resource 87 offset: 207145, length: 3904...
Debug|Reading resource 87...
Trace|Color bit encoding: 27
Trace|Reading image header...
Trace|Image header was read:
Trace|Width: 36, Height: 36, RowLength: 108
Trace|BPP: 24, PaletteColors: 0, Transaparency: False
Trace|The image doesn't use a palette.
Trace|Resource 88 offset: 211049, length: 3904...
Debug|Reading resource 88...
Trace|Color bit encoding: 27
Trace|Reading image header...
Trace|Image header was read:
Trace|Width: 36, Height: 36, RowLength: 108
Trace|BPP: 24, PaletteColors: 0, Transaparency: False
Trace|The image doesn't use a palette.
Trace|Resource 89 offset: 214953, length: 3904...
Debug|Reading resource 89...
Trace|Color bit encoding: 27
Trace|Reading image header...
Trace|Image header was read:
Trace|Width: 36, Height: 36, RowLength: 108
Trace|BPP: 24, PaletteColors: 0, Transaparency: False
Trace|The image doesn't use a palette.
Trace|Resource 90 offset: 218857, length: 3904...
Debug|Reading resource 90...
Trace|Color bit encoding: 27
Trace|Reading image header...
Trace|Image header was read:
Trace|Width: 36, Height: 36, RowLength: 108
Trace|BPP: 24, PaletteColors: 0, Transaparency: False
Trace|The image doesn't use a palette.
Trace|Resource 91 offset: 222761, length: 3904...
Debug|Reading resource 91...
Trace|Color bit encoding: 27
Trace|Reading image header...
Trace|Image header was read:
Trace|Width: 36, Height: 36, RowLength: 108
Trace|BPP: 24, PaletteColors: 0, Transaparency: False
Trace|The image doesn't use a palette.
Trace|Resource 92 offset: 226665, length: 3904...
Debug|Reading resource 92...
Trace|Color bit encoding: 27
Trace|Reading image header...
Trace|Image header was read:
Trace|Width: 36, Height: 36, RowLength: 108
Trace|BPP: 24, PaletteColors: 0, Transaparency: False
Trace|The image doesn't use a palette.
Trace|Resource 93 offset: 230569, length: 3904...
Debug|Reading resource 93...
Trace|Color bit encoding: 27
Trace|Reading image header...
Trace|Image header was read:
Trace|Width: 36, Height: 36, RowLength: 108
Trace|BPP: 24, PaletteColors: 0, Transaparency: False
Trace|The image doesn't use a palette.
Trace|Resource 94 offset: 234473, length: 3904...
Debug|Reading resource 94...
Trace|Color bit encoding: 27
Trace|Reading image header...
Trace|Image header was read:
Trace|Width: 36, Height: 36, RowLength: 108
Trace|BPP: 24, PaletteColors: 0, Transaparency: False
Trace|The image doesn't use a palette.
Trace|Resource 95 offset: 238377, length: 3904...
Debug|Reading resource 95...
Trace|Color bit encoding: 27
Trace|Reading image header...
Trace|Image header was read:
Trace|Width: 36, Height: 36, RowLength: 108
Trace|BPP: 24, PaletteColors: 0, Transaparency: False
Trace|The image doesn't use a palette.
Trace|Resource 96 offset: 242281, length: 3904...
Debug|Reading resource 96...
Trace|Color bit encoding: 27
Trace|Reading image header...
Trace|Image header was read:
Trace|Width: 36, Height: 36, RowLength: 108
Trace|BPP: 24, PaletteColors: 0, Transaparency: False
Trace|The image doesn't use a palette.
Trace|Resource 97 offset: 246185, length: 3904...
Debug|Reading resource 97...
Trace|Color bit encoding: 27
Trace|Reading image header...
Trace|Image header was read:
Trace|Width: 36, Height: 36, RowLength: 108
Trace|BPP: 24, PaletteColors: 0, Transaparency: False
Trace|The image doesn't use a palette.
Trace|Resource 98 offset: 250089, length: 3904...
Debug|Reading resource 98...
Trace|Color bit encoding: 27
Trace|Reading image header...
Trace|Image header was read:
Trace|Width: 36, Height: 36, RowLength: 108
Trace|BPP: 24, PaletteColors: 0, Transaparency: False
Trace|The image doesn't use a palette.
Trace|Resource 99 offset: 253993, length: 2080...
Debug|Reading resource 99...
Trace|Color bit encoding: 27
Trace|Reading image header...
Trace|Image header was read:
Trace|Width: 43, Height: 16, RowLength: 129
Trace|BPP: 24, PaletteColors: 0, Transaparency: False
Trace|The image doesn't use a palette.
Trace|Resource 100 offset: 256073, length: 42730...
Debug|Reading resource 100...
Trace|Color bit encoding: 27
Trace|Reading image header...
Trace|Image header was read:
Trace|Width: 126, Height: 113, RowLength: 378
Trace|BPP: 24, PaletteColors: 0, Transaparency: False
Trace|The image doesn't use a palette.
Trace|Resource 101 offset: 298803, length: 42730...
Debug|Reading resource 101...
Trace|Color bit encoding: 27
Trace|Reading image header...
Trace|Image header was read:
Trace|Width: 126, Height: 113, RowLength: 378
Trace|BPP: 24, PaletteColors: 0, Transaparency: False
Trace|The image doesn't use a palette.
Trace|Resource 102 offset: 341533, length: 42730...
Debug|Reading resource 102...
Trace|Color bit encoding: 27
Trace|Reading image header...
Trace|Image header was read:
Trace|Width: 126, Height: 113, RowLength: 378
Trace|BPP: 24, PaletteColors: 0, Transaparency: False
Trace|The image doesn't use a palette.
Trace|Resource 103 offset: 384263, length: 42730...
Debug|Reading resource 103...
Trace|Color bit encoding: 27
Trace|Reading image header...
Trace|Image header was read:
Trace|Width: 126, Height: 113, RowLength: 378
Trace|BPP: 24, PaletteColors: 0, Transaparency: False
Trace|The image doesn't use a palette.
Trace|Resource 104 offset: 426993, length: 250...
Debug|Reading resource 104...
Trace|Color bit encoding: 27
Trace|Reading image header...
Trace|Image header was read:
Trace|Width: 6, Height: 13, RowLength: 18
Trace|BPP: 24, PaletteColors: 0, Transaparency: False
Trace|The image doesn't use a palette.
Trace|Resource 105 offset: 427243, length: 250...
Debug|Reading resource 105...
Trace|Color bit encoding: 27
Trace|Reading image header...
Trace|Image header was read:
Trace|Width: 6, Height: 13, RowLength: 18
Trace|BPP: 24, PaletteColors: 0, Transaparency: False
Trace|The image doesn't use a palette.
Debug|Parsing parameters...
Trace|2 'Background'
Trace|2.1 'Image'
Trace|2.1.1 'X': 0
Trace|2.1.2 'Y': 0
Trace|2.1.3 'ImageIndex': 0
Trace|3 'Time'
Trace|3.1 'Hours'
Trace|3.1.1 'Tens'
Trace|3.1.1.1 'X': 2
Trace|3.1.1.2 'Y': 25
Trace|3.1.1.3 'ImageIndex': 1
Trace|3.1.1.4 'ImagesCount': 10
Trace|3.1.2 'Ones'
Trace|3.1.2.1 'X': 29
Trace|3.1.2.2 'Y': 25
Trace|3.1.2.3 'ImageIndex': 1
Trace|3.1.2.4 'ImagesCount': 10
Trace|3.2 'Minutes'
Trace|3.2.1 'Tens'
Trace|3.2.1.1 'X': 70
Trace|3.2.1.2 'Y': 25
Trace|3.2.1.3 'ImageIndex': 1
Trace|3.2.1.4 'ImagesCount': 10
Trace|3.2.2 'Ones'
Trace|3.2.2.1 'X': 97
Trace|3.2.2.2 'Y': 25
Trace|3.2.2.3 'ImageIndex': 1
Trace|3.2.2.4 'ImagesCount': 10
Trace|3.11 'UnknownV11': 0
Trace|4 'Activity'
Trace|4.1 'Steps'
Trace|4.1.1 'Number'
Trace|4.1.1.1 'TopLeftX': 18
Trace|4.1.1.2 'TopLeftY': 250
Trace|4.1.1.3 'BottomRightX': 0
Trace|4.1.1.4 'BottomRightY': 0
Trace|4.1.1.5 'Alignment': 34
Trace|4.1.1.6 'SpacingX': 1
Trace|4.1.1.7 'SpacingY': 0
Trace|4.1.1.8 'ImageIndex': 31
Trace|4.1.1.9 'ImagesCount': 10
Trace|4.3 'Calories'
Trace|4.3.1 'Text'
Trace|4.3.1.1 'TopLeftX': 18
Trace|4.3.1.2 'TopLeftY': 265
Trace|4.3.1.3 'BottomRightX': 0
Trace|4.3.1.4 'BottomRightY': 0
Trace|4.3.1.5 'Alignment': 36
Trace|4.3.1.6 'SpacingX': 1
Trace|4.3.1.7 'SpacingY': 0
Trace|4.3.1.8 'ImageIndex': 46
Trace|4.3.1.9 'ImagesCount': 10
Trace|4.3.2 'SuffixImageIndex': 44
Trace|4.4 'Pulse'
Trace|4.4.1 'Number'
Trace|4.4.1.1 'TopLeftX': 18
Trace|4.4.1.2 'TopLeftY': 282
Trace|4.4.1.3 'BottomRightX': 0
Trace|4.4.1.4 'BottomRightY': 0
Trace|4.4.1.5 'Alignment': 36
Trace|4.4.1.6 'SpacingX': 1
Trace|4.4.1.7 'SpacingY': 0
Trace|4.4.1.8 'ImageIndex': 21
Trace|4.4.1.9 'ImagesCount': 10
Trace|4.4.3 'NoDataImageIndex': 99
Trace|4.5 'Distance'
Trace|4.5.1 'Number'
Trace|4.5.1.1 'TopLeftX': 18
Trace|4.5.1.2 'TopLeftY': 233
Trace|4.5.1.3 'BottomRightX': 0
Trace|4.5.1.4 'BottomRightY': 0
Trace|4.5.1.5 'Alignment': 34
Trace|4.5.1.6 'SpacingX': 1
Trace|4.5.1.7 'SpacingY': 0
Trace|4.5.1.8 'ImageIndex': 11
Trace|4.5.1.9 'ImagesCount': 10
Trace|4.5.2 'KmSuffixImageIndex': 44
Trace|4.5.3 'DecimalPointImageIndex': 45
Trace|4.7 'UnknownV7': 0
Trace|5 'Date'
Trace|5.1 'MonthAndDayAndYear'
Trace|5.1.1 'Separate'
Trace|5.1.1.1 'Month'
Trace|5.1.1.1.1 'TopLeftX': 91
Trace|5.1.1.1.2 'TopLeftY': 67
Trace|5.1.1.1.3 'BottomRightX': 0
Trace|5.1.1.1.4 'BottomRightY': 0
Trace|5.1.1.1.5 'Alignment': 18
Trace|5.1.1.1.6 'SpacingX': 1
Trace|5.1.1.1.7 'SpacingY': 0
Trace|5.1.1.1.8 'ImageIndex': 31
Trace|5.1.1.1.9 'ImagesCount': 10
Trace|5.1.1.4 'Day'
Trace|5.1.1.4.1 'TopLeftX': 68
Trace|5.1.1.4.2 'TopLeftY': 67
Trace|5.1.1.4.3 'BottomRightX': 0
Trace|5.1.1.4.4 'BottomRightY': 0
Trace|5.1.1.4.5 'Alignment': 20
Trace|5.1.1.4.6 'SpacingX': 1
Trace|5.1.1.4.7 'SpacingY': 0
Trace|5.1.1.4.8 'ImageIndex': 31
Trace|5.1.1.4.9 'ImagesCount': 10
Trace|5.1.4 'TwoDigitsMonth': 1
Trace|5.1.5 'TwoDigitsDay': 1
Trace|5.4 'ENWeekDays'
Trace|5.4.1 'X': 23
Trace|5.4.2 'Y': 67
Trace|5.4.3 'ImageIndex': 66
Trace|5.4.4 'ImagesCount': 7
Trace|6 'Weather'
Trace|6.1 'Icon'
Trace|6.1.2 'CustomIcon'
Trace|6.1.2.1 'X': 78
Trace|6.1.2.2 'Y': 227
Trace|6.1.2.3 'ImageIndex': 73
Trace|6.1.2.4 'ImagesCount': 26
Trace|6.2 'Temperature'
Trace|6.2.1 'Current'
Trace|6.2.1.1 'Number'
Trace|6.2.1.1.1 'TopLeftX': 85
Trace|6.2.1.1.2 'TopLeftY': 268
Trace|6.2.1.1.3 'BottomRightX': 112
Trace|6.2.1.1.4 'BottomRightY': 281
Trace|6.2.1.1.5 'Alignment': 72
Trace|6.2.1.1.6 'SpacingX': 1
Trace|6.2.1.1.7 'SpacingY': 0
Trace|6.2.1.1.8 'ImageIndex': 56
Trace|6.2.1.1.9 'ImagesCount': 10
Trace|6.2.1.2 'MinusImageIndex': 104
Trace|6.2.1.3 'DegreesImageIndex': 105
Trace|8 'Status'
Trace|8.1 'DoNotDisturb'
Trace|8.1.1 'Coordinates'
Trace|8.1.1.1 'X': 30
Trace|8.1.1.2 'Y': 0
Trace|8.1.2 'ImageIndexOn': 41
Trace|8.2 'Lock'
Trace|8.2.1 'Coordinates'
Trace|8.2.1.1 'X': 0
Trace|8.2.1.2 'Y': 0
Trace|8.2.2 'ImageIndexOn': 42
Trace|8.3 'Bluetooth'
Trace|8.3.1 'Coordinates'
Trace|8.3.1.1 'X': 60
Trace|8.3.1.2 'Y': 0
Trace|8.3.2 'ImageIndexOn': 43
Trace|9 'Battery'
Trace|9.1 'BatteryText'
Trace|9.1.1 'Coordinates'
Trace|9.1.1.1 'TopLeftX': 86
Trace|9.1.1.2 'TopLeftY': 1
Trace|9.1.1.3 'BottomRightX': 111
Trace|9.1.1.4 'BottomRightY': 11
Trace|9.1.1.5 'Alignment': 20
Trace|9.1.1.6 'SpacingX': 1
Trace|9.1.1.7 'SpacingY': 0
Trace|9.1.1.8 'ImageIndex': 56
Trace|9.1.1.9 'ImagesCount': 10
Trace|11 'Other'
Trace|11.1 'Animation'
Trace|11.1.1 'AnimationImages'
Trace|11.1.1.1 'X': 0
Trace|11.1.1.2 'Y': 100
Trace|11.1.1.3 'ImageIndex': 100
Trace|11.1.1.4 'ImagesCount': 4
Trace|11.1.2 'Speed': 80
Trace|11.1.3 'RepeatCount': 99
Trace|11.1.4 'UnknownTF4': 0
Debug|Generating previews...
Debug|Exporting resources to 'C:\Users\annab\Downloads\Running Pikachu\RunningPikachu'
Debug|Extracting C:\Users\annab\Downloads\Running Pikachu\RunningPikachu\0000.png...
Debug|Extracting C:\Users\annab\Downloads\Running Pikachu\RunningPikachu\0001.png...
Debug|Extracting C:\Users\annab\Downloads\Running Pikachu\RunningPikachu\0002.png...
Debug|Extracting C:\Users\annab\Downloads\Running Pikachu\RunningPikachu\0003.png...
Debug|Extracting C:\Users\annab\Downloads\Running Pikachu\RunningPikachu\0004.png...
Debug|Extracting C:\Users\annab\Downloads\Running Pikachu\RunningPikachu\0005.png...
Debug|Extracting C:\Users\annab\Downloads\Running Pikachu\RunningPikachu\0006.png...
Debug|Extracting C:\Users\annab\Downloads\Running Pikachu\RunningPikachu\0007.png...
Debug|Extracting C:\Users\annab\Downloads\Running Pikachu\RunningPikachu\0008.png...
Debug|Extracting C:\Users\annab\Downloads\Running Pikachu\RunningPikachu\0009.png...
Debug|Extracting C:\Users\annab\Downloads\Running Pikachu\RunningPikachu\0010.png...
Debug|Extracting C:\Users\annab\Downloads\Running Pikachu\RunningPikachu\0011.png...
Debug|Extracting C:\Users\annab\Downloads\Running Pikachu\RunningPikachu\0012.png...
Debug|Extracting C:\Users\annab\Downloads\Running Pikachu\RunningPikachu\0013.png...
Debug|Extracting C:\Users\annab\Downloads\Running Pikachu\RunningPikachu\0014.png...
Debug|Extracting C:\Users\annab\Downloads\Running Pikachu\RunningPikachu\0015.png...
Debug|Extracting C:\Users\annab\Downloads\Running Pikachu\RunningPikachu\0016.png...
Debug|Extracting C:\Users\annab\Downloads\Running Pikachu\RunningPikachu\0017.png...
Debug|Extracting C:\Users\annab\Downloads\Running Pikachu\RunningPikachu\0018.png...
Debug|Extracting C:\Users\annab\Downloads\Running Pikachu\RunningPikachu\0019.png...
Debug|Extracting C:\Users\annab\Downloads\Running Pikachu\RunningPikachu\0020.png...
Debug|Extracting C:\Users\annab\Downloads\Running Pikachu\RunningPikachu\0021.png...
Debug|Extracting C:\Users\annab\Downloads\Running Pikachu\RunningPikachu\0022.png...
Debug|Extracting C:\Users\annab\Downloads\Running Pikachu\RunningPikachu\0023.png...
Debug|Extracting C:\Users\annab\Downloads\Running Pikachu\RunningPikachu\0024.png...
Debug|Extracting C:\Users\annab\Downloads\Running Pikachu\RunningPikachu\0025.png...
Debug|Extracting C:\Users\annab\Downloads\Running Pikachu\RunningPikachu\0026.png...
Debug|Extracting C:\Users\annab\Downloads\Running Pikachu\RunningPikachu\0027.png...
Debug|Extracting C:\Users\annab\Downloads\Running Pikachu\RunningPikachu\0028.png...
Debug|Extracting C:\Users\annab\Downloads\Running Pikachu\RunningPikachu\0029.png...
Debug|Extracting C:\Users\annab\Downloads\Running Pikachu\RunningPikachu\0030.png...
Debug|Extracting C:\Users\annab\Downloads\Running Pikachu\RunningPikachu\0031.png...
Debug|Extracting C:\Users\annab\Downloads\Running Pikachu\RunningPikachu\0032.png...
Debug|Extracting C:\Users\annab\Downloads\Running Pikachu\RunningPikachu\0033.png...
Debug|Extracting C:\Users\annab\Downloads\Running Pikachu\RunningPikachu\0034.png...
Debug|Extracting C:\Users\annab\Downloads\Running Pikachu\RunningPikachu\0035.png...
Debug|Extracting C:\Users\annab\Downloads\Running Pikachu\RunningPikachu\0036.png...
Debug|Extracting C:\Users\annab\Downloads\Running Pikachu\RunningPikachu\0037.png...
Debug|Extracting C:\Users\annab\Downloads\Running Pikachu\RunningPikachu\0038.png...
Debug|Extracting C:\Users\annab\Downloads\Running Pikachu\RunningPikachu\0039.png...
Debug|Extracting C:\Users\annab\Downloads\Running Pikachu\RunningPikachu\0040.png...
Debug|Extracting C:\Users\annab\Downloads\Running Pikachu\RunningPikachu\0041.png...
Debug|Extracting C:\Users\annab\Downloads\Running Pikachu\RunningPikachu\0042.png...
Debug|Extracting C:\Users\annab\Downloads\Running Pikachu\RunningPikachu\0043.png...
Debug|Extracting C:\Users\annab\Downloads\Running Pikachu\RunningPikachu\0044.png...
Debug|Extracting C:\Users\annab\Downloads\Running Pikachu\RunningPikachu\0045.png...
Debug|Extracting C:\Users\annab\Downloads\Running Pikachu\RunningPikachu\0046.png...
Debug|Extracting C:\Users\annab\Downloads\Running Pikachu\RunningPikachu\0047.png...
Debug|Extracting C:\Users\annab\Downloads\Running Pikachu\RunningPikachu\0048.png...
Debug|Extracting C:\Users\annab\Downloads\Running Pikachu\RunningPikachu\0049.png...
Debug|Extracting C:\Users\annab\Downloads\Running Pikachu\RunningPikachu\0050.png...
Debug|Extracting C:\Users\annab\Downloads\Running Pikachu\RunningPikachu\0051.png...
Debug|Extracting C:\Users\annab\Downloads\Running Pikachu\RunningPikachu\0052.png...
Debug|Extracting C:\Users\annab\Downloads\Running Pikachu\RunningPikachu\0053.png...
Debug|Extracting C:\Users\annab\Downloads\Running Pikachu\RunningPikachu\0054.png...
Debug|Extracting C:\Users\annab\Downloads\Running Pikachu\RunningPikachu\0055.png...
Debug|Extracting C:\Users\annab\Downloads\Running Pikachu\RunningPikachu\0056.png...
Debug|Extracting C:\Users\annab\Downloads\Running Pikachu\RunningPikachu\0057.png...
Debug|Extracting C:\Users\annab\Downloads\Running Pikachu\RunningPikachu\0058.png...
Debug|Extracting C:\Users\annab\Downloads\Running Pikachu\RunningPikachu\0059.png...
Debug|Extracting C:\Users\annab\Downloads\Running Pikachu\RunningPikachu\0060.png...
Debug|Extracting C:\Users\annab\Downloads\Running Pikachu\RunningPikachu\0061.png...
Debug|Extracting C:\Users\annab\Downloads\Running Pikachu\RunningPikachu\0062.png...
Debug|Extracting C:\Users\annab\Downloads\Running Pikachu\RunningPikachu\0063.png...
Debug|Extracting C:\Users\annab\Downloads\Running Pikachu\RunningPikachu\0064.png...
Debug|Extracting C:\Users\annab\Downloads\Running Pikachu\RunningPikachu\0065.png...
Debug|Extracting C:\Users\annab\Downloads\Running Pikachu\RunningPikachu\0066.png...
Debug|Extracting C:\Users\annab\Downloads\Running Pikachu\RunningPikachu\0067.png...
Debug|Extracting C:\Users\annab\Downloads\Running Pikachu\RunningPikachu\0068.png...
Debug|Extracting C:\Users\annab\Downloads\Running Pikachu\RunningPikachu\0069.png...
Debug|Extracting C:\Users\annab\Downloads\Running Pikachu\RunningPikachu\0070.png...
Debug|Extracting C:\Users\annab\Downloads\Running Pikachu\RunningPikachu\0071.png...
Debug|Extracting C:\Users\annab\Downloads\Running Pikachu\RunningPikachu\0072.png...
Debug|Extracting C:\Users\annab\Downloads\Running Pikachu\RunningPikachu\0073.png...
Debug|Extracting C:\Users\annab\Downloads\Running Pikachu\RunningPikachu\0074.png...
Debug|Extracting C:\Users\annab\Downloads\Running Pikachu\RunningPikachu\0075.png...
Debug|Extracting C:\Users\annab\Downloads\Running Pikachu\RunningPikachu\0076.png...
Debug|Extracting C:\Users\annab\Downloads\Running Pikachu\RunningPikachu\0077.png...
Debug|Extracting C:\Users\annab\Downloads\Running Pikachu\RunningPikachu\0078.png...
Debug|Extracting C:\Users\annab\Downloads\Running Pikachu\RunningPikachu\0079.png...
Debug|Extracting C:\Users\annab\Downloads\Running Pikachu\RunningPikachu\0080.png...
Debug|Extracting C:\Users\annab\Downloads\Running Pikachu\RunningPikachu\0081.png...
Debug|Extracting C:\Users\annab\Downloads\Running Pikachu\RunningPikachu\0082.png...
Debug|Extracting C:\Users\annab\Downloads\Running Pikachu\RunningPikachu\0083.png...
Debug|Extracting C:\Users\annab\Downloads\Running Pikachu\RunningPikachu\0084.png...
Debug|Extracting C:\Users\annab\Downloads\Running Pikachu\RunningPikachu\0085.png...
Debug|Extracting C:\Users\annab\Downloads\Running Pikachu\RunningPikachu\0086.png...
Debug|Extracting C:\Users\annab\Downloads\Running Pikachu\RunningPikachu\0087.png...
Debug|Extracting C:\Users\annab\Downloads\Running Pikachu\RunningPikachu\0088.png...
Debug|Extracting C:\Users\annab\Downloads\Running Pikachu\RunningPikachu\0089.png...
Debug|Extracting C:\Users\annab\Downloads\Running Pikachu\RunningPikachu\0090.png...
Debug|Extracting C:\Users\annab\Downloads\Running Pikachu\RunningPikachu\0091.png...
Debug|Extracting C:\Users\annab\Downloads\Running Pikachu\RunningPikachu\0092.png...
Debug|Extracting C:\Users\annab\Downloads\Running Pikachu\RunningPikachu\0093.png...
Debug|Extracting C:\Users\annab\Downloads\Running Pikachu\RunningPikachu\0094.png...
Debug|Extracting C:\Users\annab\Downloads\Running Pikachu\RunningPikachu\0095.png...
Debug|Extracting C:\Users\annab\Downloads\Running Pikachu\RunningPikachu\0096.png...
Debug|Extracting C:\Users\annab\Downloads\Running Pikachu\RunningPikachu\0097.png...
Debug|Extracting C:\Users\annab\Downloads\Running Pikachu\RunningPikachu\0098.png...
Debug|Extracting C:\Users\annab\Downloads\Running Pikachu\RunningPikachu\0099.png...
Debug|Extracting C:\Users\annab\Downloads\Running Pikachu\RunningPikachu\0100.png...
Debug|Extracting C:\Users\annab\Downloads\Running Pikachu\RunningPikachu\0101.png...
Debug|Extracting C:\Users\annab\Downloads\Running Pikachu\RunningPikachu\0102.png...
Debug|Extracting C:\Users\annab\Downloads\Running Pikachu\RunningPikachu\0103.png...
Debug|Extracting C:\Users\annab\Downloads\Running Pikachu\RunningPikachu\0104.png...
Debug|Extracting C:\Users\annab\Downloads\Running Pikachu\RunningPikachu\0105.png...
Debug|Exporting config...
